  Mathf.cpp
F:\Learning\mypt2\PhysX-Tutorial-master\PhysX_3.4\SCUT2022_Nayeon\src\Utils\Mathf.cpp(1,1): warning C4819: 该文件包含不能在当前代码页(936)中表示的字符。请将该文件保存为 Unicode 格式以防止数据丢失
F:\Learning\mypt2\PhysX-Tutorial-master\PhysX_3.4\SCUT2022_Nayeon\third_party\includes\glm\detail\type_quat.hpp(48,30): warning C4201: 使用了非标准扩展: 无名称的结构/联合
F:\Learning\mypt2\PhysX-Tutorial-master\PhysX_3.4\SCUT2022_Nayeon\third_party\includes\glm\detail\type_quat.hpp(133): message : 查看对正在编译的 类 模板 实例化“glm::qua<T,Q>”的引用
F:\Learning\mypt2\PhysX-Tutorial-master\PhysX_3.4\SCUT2022_Nayeon\src\Utils\Mathf.cpp(70,21): warning C4244: “=”: 从“double”转换到“float”，可能丢失数据
F:\Learning\mypt2\PhysX-Tutorial-master\PhysX_3.4\SCUT2022_Nayeon\src\Utils\Mathf.cpp(71,21): warning C4244: “=”: 从“double”转换到“float”，可能丢失数据
F:\Learning\mypt2\PhysX-Tutorial-master\PhysX_3.4\SCUT2022_Nayeon\src\Utils\Mathf.cpp(72,21): warning C4244: “=”: 从“double”转换到“float”，可能丢失数据
F:\Learning\mypt2\PhysX-Tutorial-master\PhysX_3.4\SCUT2022_Nayeon\src\Utils\Mathf.cpp(73,21): warning C4244: “=”: 从“double”转换到“float”，可能丢失数据
F:\Learning\mypt2\PhysX-Tutorial-master\PhysX_3.4\SCUT2022_Nayeon\src\Utils\Mathf.cpp(154,79): warning C4100: “WorldRotation”: 未引用的形参
F:\Learning\mypt2\PhysX-Tutorial-master\PhysX_3.4\SCUT2022_Nayeon\src\Utils\Mathf.cpp(154,57): warning C4100: “LocalPosition”: 未引用的形参
F:\Learning\mypt2\PhysX-Tutorial-master\PhysX_3.4\SCUT2022_Nayeon\src\Utils\Mathf.cpp(154,35): warning C4100: “WorldPosition”: 未引用的形参
D:\Program Files (x86)\Microsoft Visual Studio\2019\Community\VC\Tools\MSVC\14.28.29910\include\ostream(393,1): warning C4530: 使用了 C++ 异常处理程序，但未启用展开语义。请指定 /EHsc
D:\Program Files (x86)\Microsoft Visual Studio\2019\Community\VC\Tools\MSVC\14.28.29910\include\ostream(386): message : 在编译 类 模板 成员函数“std::basic_ostream<char,std::char_traits<char>> &std::basic_ostream<char,std::char_traits<char>>::operator <<(float)”时
F:\Learning\mypt2\PhysX-Tutorial-master\PhysX_3.4\SCUT2022_Nayeon\src\Utils\Mathf.cpp(81): message : 查看对正在编译的函数 模板 实例化“std::basic_ostream<char,std::char_traits<char>> &std::basic_ostream<char,std::char_traits<char>>::operator <<(float)”的引用
F:\Learning\mypt2\PhysX-Tutorial-master\PhysX_3.4\SCUT2022_Nayeon\src\Utils\Mathf.cpp(81): message : 查看对正在编译的 类 模板 实例化“std::basic_ostream<char,std::char_traits<char>>”的引用
F:\Learning\mypt2\PhysX-Tutorial-master\PhysX_3.4\SCUT2022_Nayeon\src\Utils\Mathf.cpp(40): warning C5045: 如果指定了 /Qspectre 开关，编译器会插入内存负载的 Spectre 缓解
  F:\Learning\mypt2\PhysX-Tutorial-master\PhysX_3.4\SCUT2022_Nayeon\src\Utils\Mathf.cpp(34) : 注意: 在此行上通过对比检查索引 "" 范围
  F:\Learning\mypt2\PhysX-Tutorial-master\PhysX_3.4\SCUT2022_Nayeon\src\Utils\Mathf.cpp(40) : 注意: 此行上的源调用
F:\Learning\mypt2\PhysX-Tutorial-master\PhysX_3.4\SCUT2022_Nayeon\src\Utils\Mathf.cpp(36): warning C5045: 如果指定了 /Qspectre 开关，编译器会插入内存负载的 Spectre 缓解
  F:\Learning\mypt2\PhysX-Tutorial-master\PhysX_3.4\SCUT2022_Nayeon\src\Utils\Mathf.cpp(34) : 注意: 在此行上通过对比检查索引 "" 范围
  F:\Learning\mypt2\PhysX-Tutorial-master\PhysX_3.4\SCUT2022_Nayeon\src\Utils\Mathf.cpp(36) : 注意: 此行上的源调用
F:\Learning\mypt2\PhysX-Tutorial-master\PhysX_3.4\SCUT2022_Nayeon\third_party\includes\foundation\PxVec3.h(303): warning C5045: 如果指定了 /Qspectre 开关，编译器会插入内存负载的 Spectre 缓解
  F:\Learning\mypt2\PhysX-Tutorial-master\PhysX_3.4\SCUT2022_Nayeon\third_party\includes\foundation\PxVec3.h(302) : 注意: 在此行上通过对比检查索引 "m" 范围
  F:\Learning\mypt2\PhysX-Tutorial-master\PhysX_3.4\SCUT2022_Nayeon\third_party\includes\foundation\PxVec3.h(303) : 注意: 此行上的源调用
  Utils.vcxproj -> F:\Learning\mypt2\PhysX-Tutorial-master\PhysX_3.4\SCUT2022_Nayeon\lib\vc16win64\UtilsDEBUG.lib
